<?xml version="1.0" encoding="UTF-8"?>
<!-- Generated by org.testng.reporters.JUnitXMLReporter -->
<testsuite ignored="0" hostname="WPDev-Laptop-Shariful" failures="0" tests="2" name="Default test" time="37.196" errors="0" timestamp="2020-12-30T14:09:30 BDT">
  <testcase classname="wpdev.ea.testcases.EA_StaticProduct" name="invokeBrowser" time="5.606"/>
  <testcase classname="wpdev.ea.testcases.EA_StaticProduct" name="eventstaticproductTestCase" time="31.556"/>
</testsuite> <!-- Default test -->
