<?xml version="1.0" encoding="UTF-8"?>
<!-- Generated by org.testng.reporters.JUnitXMLReporter -->
<testsuite ignored="0" hostname="WPDev-Laptop-Shariful" failures="0" tests="2" name="Default test" time="22.243" errors="0" timestamp="2020-10-22T10:45:02 BDT">
  <testcase classname="wpdev.ea.testcases.EA_InteractivePromo" name="invokeBrowser" time="5.66"/>
  <testcase classname="wpdev.ea.testcases.EA_InteractivePromo" name="interactivePromoTestCase" time="16.547"/>
</testsuite> <!-- Default test -->
