<?xml version="1.0" encoding="UTF-8"?>
<testng-results ignored="0" total="2" passed="2" failed="0" skipped="0">
  <reporter-output>
  </reporter-output>
  <suite started-at="2020-10-22T10:44:40 BDT" name="Default suite" finished-at="2020-10-22T10:45:02 BDT" duration-ms="22243">
    <groups>
    </groups>
    <test started-at="2020-10-22T10:44:40 BDT" name="Default test" finished-at="2020-10-22T10:45:02 BDT" duration-ms="22243">
      <class name="wpdev.ea.testcases.EA_InteractivePromo">
        <test-method signature="invokeBrowser()[pri:0, instance:wpdev.ea.testcases.EA_InteractivePromo@a1153bc]" started-at="2020-10-22T10:44:40 BDT" name="invokeBrowser" finished-at="2020-10-22T10:44:46 BDT" duration-ms="5660" status="PASS">
          <reporter-output>
          </reporter-output>
        </test-method> <!-- invokeBrowser -->
        <test-method signature="interactivePromoTestCase()[pri:0, instance:wpdev.ea.testcases.EA_InteractivePromo@a1153bc]" started-at="2020-10-22T10:44:46 BDT" name="interactivePromoTestCase" finished-at="2020-10-22T10:45:02 BDT" depends-on-methods="wpdev.ea.testcases.EA_InteractivePromo.invokeBrowser" duration-ms="16547" status="PASS">
          <reporter-output>
          </reporter-output>
        </test-method> <!-- interactivePromoTestCase -->
      </class> <!-- wpdev.ea.testcases.EA_InteractivePromo -->
    </test> <!-- Default test -->
  </suite> <!-- Default suite -->
</testng-results>
