<?xml version="1.0" encoding="UTF-8"?>
<testng-results ignored="0" total="2" passed="2" failed="0" skipped="0">
  <reporter-output>
  </reporter-output>
  <suite started-at="2020-10-22T13:41:35 BDT" name="Default suite" finished-at="2020-10-22T13:42:30 BDT" duration-ms="55052">
    <groups>
    </groups>
    <test started-at="2020-10-22T13:41:35 BDT" name="Default test" finished-at="2020-10-22T13:42:30 BDT" duration-ms="55052">
      <class name="wpdev.ea.testcases.EA_InteractiveCards">
        <test-method signature="invokeBrowser()[pri:0, instance:wpdev.ea.testcases.EA_InteractiveCards@a1153bc]" started-at="2020-10-22T13:41:35 BDT" name="invokeBrowser" finished-at="2020-10-22T13:41:40 BDT" duration-ms="5801" status="PASS">
          <reporter-output>
          </reporter-output>
        </test-method> <!-- invokeBrowser -->
        <test-method signature="interactiveCardTestCase()[pri:0, instance:wpdev.ea.testcases.EA_InteractiveCards@a1153bc]" started-at="2020-10-22T13:41:40 BDT" name="interactiveCardTestCase" finished-at="2020-10-22T13:42:30 BDT" depends-on-methods="wpdev.ea.testcases.EA_InteractiveCards.invokeBrowser" duration-ms="49217" status="PASS">
          <reporter-output>
          </reporter-output>
        </test-method> <!-- interactiveCardTestCase -->
      </class> <!-- wpdev.ea.testcases.EA_InteractiveCards -->
    </test> <!-- Default test -->
  </suite> <!-- Default suite -->
</testng-results>
